web/app/build/intermediates/manifest_merge_blame_file/debug/manifest-merger-blame-debug-report.txt
1<?xml version="1.0" encoding="utf-8"?>
2<manifest xmlns:android="http://schemas.android.com/apk/res/android"
3    package="com.example.webex"
4    android:versionCode="1"
5    android:versionName="1.0" >
6
7    <uses-sdk
8        android:minSdkVersion="21"
8-->src\main\AndroidManifest.xml
9        android:targetSdkVersion="32" />
9-->src\main\AndroidManifest.xml
10
11    <uses-permission android:name="android.permission.INTERNET" />
11-->src\main\AndroidManifest.xml:5:5-67
11-->src\main\AndroidManifest.xml:5:22-64
12    <uses-permission android:name="android.permission.ACCESS_NETWORK_STATE" />
12-->src\main\AndroidManifest.xml:6:5-79
12-->src\main\AndroidManifest.xml:6:22-76
13    <uses-permission android:name="android.permission.ACCESS_WIFI_STATE" />
13-->src\main\AndroidManifest.xml:7:5-76
13-->src\main\AndroidManifest.xml:7:22-73
14
15    <application
15-->src\main\AndroidManifest.xml:9:5-75:19
16        android:allowBackup="true"
16-->src\main\AndroidManifest.xml:10:9-35
17        android:appComponentFactory="androidx.core.app.CoreComponentFactory"
17-->[androidx.core:core:1.8.0] AndroidManifest.xml:24:18-86
18        android:dataExtractionRules="@xml/data_extraction_rules"
18-->src\main\AndroidManifest.xml:11:9-65
19        android:debuggable="true"
20        android:fullBackupContent="@xml/backup_rules"
20-->src\main\AndroidManifest.xml:12:9-54
21        android:icon="@mipmap/ic_launcher"
21-->src\main\AndroidManifest.xml:13:9-43
22        android:label="@string/app_name"
22-->src\main\AndroidManifest.xml:14:9-41
23        android:roundIcon="@mipmap/ic_launcher_round"
23-->src\main\AndroidManifest.xml:15:9-54
24        android:supportsRtl="true"
24-->src\main\AndroidManifest.xml:16:9-35
25        android:testOnly="true"
26        android:theme="@style/Theme.Webex"
26-->src\main\AndroidManifest.xml:18:9-43
27        android:usesCleartextTraffic="true" >
27-->src\main\AndroidManifest.xml:17:9-44
28        <activity
28-->src\main\AndroidManifest.xml:20:9-26:20
29            android:name="com.example.webex.browser"
29-->src\main\AndroidManifest.xml:21:13-36
30            android:exported="false" >
30-->src\main\AndroidManifest.xml:22:13-37
31            <meta-data
31-->src\main\AndroidManifest.xml:23:13-25:36
32                android:name="android.app.lib_name"
32-->src\main\AndroidManifest.xml:24:17-52
33                android:value="" />
33-->src\main\AndroidManifest.xml:25:17-33
34        </activity>
35        <activity
35-->src\main\AndroidManifest.xml:27:9-33:20
36            android:name="com.example.webex.chat"
36-->src\main\AndroidManifest.xml:28:13-33
37            android:exported="false" >
37-->src\main\AndroidManifest.xml:29:13-37
38            <meta-data
38-->src\main\AndroidManifest.xml:23:13-25:36
39                android:name="android.app.lib_name"
39-->src\main\AndroidManifest.xml:24:17-52
40                android:value="" />
40-->src\main\AndroidManifest.xml:25:17-33
41        </activity>
42        <activity
42-->src\main\AndroidManifest.xml:34:9-40:20
43            android:name="com.example.webex.project"
43-->src\main\AndroidManifest.xml:35:13-36
44            android:exported="false" >
44-->src\main\AndroidManifest.xml:36:13-37
45            <meta-data
45-->src\main\AndroidManifest.xml:23:13-25:36
46                android:name="android.app.lib_name"
46-->src\main\AndroidManifest.xml:24:17-52
47                android:value="" />
47-->src\main\AndroidManifest.xml:25:17-33
48        </activity>
49        <activity
49-->src\main\AndroidManifest.xml:41:9-47:20
50            android:name="com.example.webex.project_list"
50-->src\main\AndroidManifest.xml:42:13-41
51            android:exported="false" >
51-->src\main\AndroidManifest.xml:43:13-37
52            <meta-data
52-->src\main\AndroidManifest.xml:23:13-25:36
53                android:name="android.app.lib_name"
53-->src\main\AndroidManifest.xml:24:17-52
54                android:value="" />
54-->src\main\AndroidManifest.xml:25:17-33
55        </activity>
56        <activity
56-->src\main\AndroidManifest.xml:48:9-54:20
57            android:name="com.example.webex.personal_account"
57-->src\main\AndroidManifest.xml:49:13-45
58            android:exported="false" >
58-->src\main\AndroidManifest.xml:50:13-37
59            <meta-data
59-->src\main\AndroidManifest.xml:23:13-25:36
60                android:name="android.app.lib_name"
60-->src\main\AndroidManifest.xml:24:17-52
61                android:value="" />
61-->src\main\AndroidManifest.xml:25:17-33
62        </activity>
63        <activity
63-->src\main\AndroidManifest.xml:55:9-61:20
64            android:name="com.example.webex.login"
64-->src\main\AndroidManifest.xml:56:13-34
65            android:exported="false" >
65-->src\main\AndroidManifest.xml:57:13-37
66            <meta-data
66-->src\main\AndroidManifest.xml:23:13-25:36
67                android:name="android.app.lib_name"
67-->src\main\AndroidManifest.xml:24:17-52
68                android:value="" />
68-->src\main\AndroidManifest.xml:25:17-33
69        </activity>
70        <activity
70-->src\main\AndroidManifest.xml:62:9-74:20
71            android:name="com.example.webex.MainActivity"
71-->src\main\AndroidManifest.xml:63:13-41
72            android:exported="true" >
72-->src\main\AndroidManifest.xml:64:13-36
73            <intent-filter>
73-->src\main\AndroidManifest.xml:65:13-69:29
74                <action android:name="android.intent.action.MAIN" />
74-->src\main\AndroidManifest.xml:66:17-69
74-->src\main\AndroidManifest.xml:66:25-66
75
76                <category android:name="android.intent.category.LAUNCHER" />
76-->src\main\AndroidManifest.xml:68:17-77
76-->src\main\AndroidManifest.xml:68:27-74
77            </intent-filter>
78
79            <meta-data
79-->src\main\AndroidManifest.xml:23:13-25:36
80                android:name="android.app.lib_name"
80-->src\main\AndroidManifest.xml:24:17-52
81                android:value="" />
81-->src\main\AndroidManifest.xml:25:17-33
82        </activity>
83
84        <provider
84-->[androidx.emoji2:emoji2:1.2.0] AndroidManifest.xml:24:9-32:20
85            android:name="androidx.startup.InitializationProvider"
85-->[androidx.emoji2:emoji2:1.2.0] AndroidManifest.xml:25:13-67
86            android:authorities="com.example.webex.androidx-startup"
86-->[androidx.emoji2:emoji2:1.2.0] AndroidManifest.xml:26:13-68
87            android:exported="false" >
87-->[androidx.emoji2:emoji2:1.2.0] AndroidManifest.xml:27:13-37
88            <meta-data
88-->[androidx.emoji2:emoji2:1.2.0] AndroidManifest.xml:29:13-31:52
89                android:name="androidx.emoji2.text.EmojiCompatInitializer"
89-->[androidx.emoji2:emoji2:1.2.0] AndroidManifest.xml:30:17-75
90                android:value="androidx.startup" />
90-->[androidx.emoji2:emoji2:1.2.0] AndroidManifest.xml:31:17-49
91            <meta-data
91-->[androidx.lifecycle:lifecycle-process:2.4.1] AndroidManifest.xml:31:13-33:52
92                android:name="androidx.lifecycle.ProcessLifecycleInitializer"
92-->[androidx.lifecycle:lifecycle-process:2.4.1] AndroidManifest.xml:32:17-78
93                android:value="androidx.startup" />
93-->[androidx.lifecycle:lifecycle-process:2.4.1] AndroidManifest.xml:33:17-49
94        </provider>
95    </application>
96
97</manifest>